<?xml version="1.0" encoding="UTF-8"?>
<testsuite name="com.mindex.challenge.service.impl.EmployeeServiceImplTest" tests="1" skipped="0" failures="0" errors="0" timestamp="2023-10-21T19:50:17" hostname="DESKTOP-7GHNL1E" time="0.019">
  <properties/>
  <testcase name="testCreateReadUpdate" classname="com.mindex.challenge.service.impl.EmployeeServiceImplTest" time="0.019"/>
  <system-out><![CDATA[2023-10-21 15:50:17.375  INFO 2324 --- [    Test worker] .b.t.c.SpringBootTestContextBootstrapper : Neither @ContextConfiguration nor @ContextHierarchy found for test class [com.mindex.challenge.service.impl.EmployeeServiceImplTest], using SpringBootContextLoader
2023-10-21 15:50:17.376  INFO 2324 --- [    Test worker] o.s.t.c.support.AbstractContextLoader    : Could not detect default resource locations for test class [com.mindex.challenge.service.impl.EmployeeServiceImplTest]: no resource found for suffixes {-context.xml, Context.groovy}.
2023-10-21 15:50:17.376  INFO 2324 --- [    Test worker] t.c.s.AnnotationConfigContextLoaderUtils : Could not detect default configuration classes for test class [com.mindex.challenge.service.impl.EmployeeServiceImplTest]: EmployeeServiceImplTest does not declare any static, non-private, non-final, nested classes annotated with @Configuration.
2023-10-21 15:50:17.378  INFO 2324 --- [    Test worker] .b.t.c.SpringBootTestContextBootstrapper : Found @SpringBootConfiguration com.mindex.challenge.ChallengeApplication for test class com.mindex.challenge.service.impl.EmployeeServiceImplTest
2023-10-21 15:50:17.379  INFO 2324 --- [    Test worker] .b.t.c.SpringBootTestContextBootstrapper : Loaded default TestExecutionListener class names from location [META-INF/spring.factories]: [org.springframework.boot.test.autoconfigure.restdocs.RestDocsTestExecutionListener, org.springframework.boot.test.autoconfigure.web.client.MockRestServiceServerResetTestExecutionListener, org.springframework.boot.test.autoconfigure.web.servlet.MockMvcPrintOnlyOnFailureTestExecutionListener, org.springframework.boot.test.autoconfigure.web.servlet.WebDriverTestExecutionListener, org.springframework.boot.test.mock.mockito.MockitoTestExecutionListener, org.springframework.boot.test.mock.mockito.ResetMocksTestExecutionListener, org.springframework.test.context.web.ServletTestExecutionListener, org.springframework.test.context.support.DirtiesContextBeforeModesTestExecutionListener, org.springframework.test.context.support.DependencyInjectionTestExecutionListener, org.springframework.test.context.support.DirtiesContextTestExecutionListener, org.springframework.test.context.transaction.TransactionalTestExecutionListener, org.springframework.test.context.jdbc.SqlScriptsTestExecutionListener, org.springframework.test.context.event.EventPublishingTestExecutionListener]
2023-10-21 15:50:17.379  INFO 2324 --- [    Test worker] .b.t.c.SpringBootTestContextBootstrapper : Using TestExecutionListeners: [org.springframework.test.context.web.ServletTestExecutionListener@2979023f, org.springframework.test.context.support.DirtiesContextBeforeModesTestExecutionListener@3414f24c, org.springframework.boot.test.mock.mockito.MockitoTestExecutionListener@5e2f0cff, org.springframework.boot.test.autoconfigure.SpringBootDependencyInjectionTestExecutionListener@425324ba, org.springframework.test.context.support.DirtiesContextTestExecutionListener@235abe35, org.springframework.test.context.transaction.TransactionalTestExecutionListener@30cfae80, org.springframework.test.context.jdbc.SqlScriptsTestExecutionListener@16211492, org.springframework.test.context.event.EventPublishingTestExecutionListener@4d8c8418, org.springframework.boot.test.autoconfigure.restdocs.RestDocsTestExecutionListener@3bd1308a, org.springframework.boot.test.autoconfigure.web.client.MockRestServiceServerResetTestExecutionListener@762732de, org.springframework.boot.test.autoconfigure.web.servlet.MockMvcPrintOnlyOnFailureTestExecutionListener@683c2d0c, org.springframework.boot.test.autoconfigure.web.servlet.WebDriverTestExecutionListener@41b9c857, org.springframework.boot.test.mock.mockito.ResetMocksTestExecutionListener@73def58a]
2023-10-21 15:50:17.383 DEBUG 2324 --- [o-auto-1-exec-1] c.m.c.controller.EmployeeController      : Received employee create request for [employeeId: 
First Name: John
Last Name: Doe
Position: Developer
Department: Engineering
DirectReports
]
2023-10-21 15:50:17.383 DEBUG 2324 --- [o-auto-1-exec-1] c.m.c.service.impl.EmployeeServiceImpl   : Creating employee [employeeId: 
First Name: John
Last Name: Doe
Position: Developer
Department: Engineering
DirectReports
]
2023-10-21 15:50:17.387 DEBUG 2324 --- [o-auto-1-exec-2] c.m.c.controller.EmployeeController      : Received employee read request for id [2a770c06-7219-454d-8553-6c4a517bf5e3]
2023-10-21 15:50:17.387 DEBUG 2324 --- [o-auto-1-exec-2] c.m.c.service.impl.EmployeeServiceImpl   : Reading employee with id [2a770c06-7219-454d-8553-6c4a517bf5e3]
2023-10-21 15:50:17.391 DEBUG 2324 --- [o-auto-1-exec-3] c.m.c.controller.EmployeeController      : Received employee update request for id [2a770c06-7219-454d-8553-6c4a517bf5e3] and employee [employeeId: 2a770c06-7219-454d-8553-6c4a517bf5e3
First Name: John
Last Name: Doe
Position: Development Manager
Department: Engineering
DirectReports
]
2023-10-21 15:50:17.391 DEBUG 2324 --- [o-auto-1-exec-3] c.m.c.service.impl.EmployeeServiceImpl   : Updating employee [employeeId: 2a770c06-7219-454d-8553-6c4a517bf5e3
First Name: John
Last Name: Doe
Position: Development Manager
Department: Engineering
DirectReports
]
]]></system-out>
  <system-err><![CDATA[]]></system-err>
</testsuite>
