<?xml version="1.0" encoding="UTF-8"?>
<testsuite name="com.mindex.challenge.service.impl.CompensationServiceImplTest" tests="2" skipped="0" failures="0" errors="0" timestamp="2023-10-21T19:50:16" hostname="DESKTOP-7GHNL1E" time="0.413">
  <properties/>
  <testcase name="testCompensationRead" classname="com.mindex.challenge.service.impl.CompensationServiceImplTest" time="0.259"/>
  <testcase name="testCompensationCreate" classname="com.mindex.challenge.service.impl.CompensationServiceImplTest" time="0.153"/>
  <system-out><![CDATA[2023-10-21 15:50:16.113  INFO 2324 --- [    Test worker] .b.t.c.SpringBootTestContextBootstrapper : Neither @ContextConfiguration nor @ContextHierarchy found for test class [com.mindex.challenge.service.impl.CompensationServiceImplTest], using SpringBootContextLoader
2023-10-21 15:50:16.114  INFO 2324 --- [    Test worker] o.s.t.c.support.AbstractContextLoader    : Could not detect default resource locations for test class [com.mindex.challenge.service.impl.CompensationServiceImplTest]: no resource found for suffixes {-context.xml, Context.groovy}.
2023-10-21 15:50:16.114  INFO 2324 --- [    Test worker] t.c.s.AnnotationConfigContextLoaderUtils : Could not detect default configuration classes for test class [com.mindex.challenge.service.impl.CompensationServiceImplTest]: CompensationServiceImplTest does not declare any static, non-private, non-final, nested classes annotated with @Configuration.
2023-10-21 15:50:16.126  INFO 2324 --- [    Test worker] .b.t.c.SpringBootTestContextBootstrapper : Found @SpringBootConfiguration com.mindex.challenge.ChallengeApplication for test class com.mindex.challenge.service.impl.CompensationServiceImplTest
2023-10-21 15:50:16.127  INFO 2324 --- [    Test worker] .b.t.c.SpringBootTestContextBootstrapper : Loaded default TestExecutionListener class names from location [META-INF/spring.factories]: [org.springframework.boot.test.autoconfigure.restdocs.RestDocsTestExecutionListener, org.springframework.boot.test.autoconfigure.web.client.MockRestServiceServerResetTestExecutionListener, org.springframework.boot.test.autoconfigure.web.servlet.MockMvcPrintOnlyOnFailureTestExecutionListener, org.springframework.boot.test.autoconfigure.web.servlet.WebDriverTestExecutionListener, org.springframework.boot.test.mock.mockito.MockitoTestExecutionListener, org.springframework.boot.test.mock.mockito.ResetMocksTestExecutionListener, org.springframework.test.context.web.ServletTestExecutionListener, org.springframework.test.context.support.DirtiesContextBeforeModesTestExecutionListener, org.springframework.test.context.support.DependencyInjectionTestExecutionListener, org.springframework.test.context.support.DirtiesContextTestExecutionListener, org.springframework.test.context.transaction.TransactionalTestExecutionListener, org.springframework.test.context.jdbc.SqlScriptsTestExecutionListener, org.springframework.test.context.event.EventPublishingTestExecutionListener]
2023-10-21 15:50:16.127  INFO 2324 --- [    Test worker] .b.t.c.SpringBootTestContextBootstrapper : Using TestExecutionListeners: [org.springframework.test.context.web.ServletTestExecutionListener@57bd0a1a, org.springframework.test.context.support.DirtiesContextBeforeModesTestExecutionListener@4027a1c2, org.springframework.boot.test.mock.mockito.MockitoTestExecutionListener@3cde253, org.springframework.boot.test.autoconfigure.SpringBootDependencyInjectionTestExecutionListener@4801cf0d, org.springframework.test.context.support.DirtiesContextTestExecutionListener@7753f1cd, org.springframework.test.context.transaction.TransactionalTestExecutionListener@a077754, org.springframework.test.context.jdbc.SqlScriptsTestExecutionListener@6634c33d, org.springframework.test.context.event.EventPublishingTestExecutionListener@200b1151, org.springframework.boot.test.autoconfigure.restdocs.RestDocsTestExecutionListener@48be5104, org.springframework.boot.test.autoconfigure.web.client.MockRestServiceServerResetTestExecutionListener@79b23290, org.springframework.boot.test.autoconfigure.web.servlet.MockMvcPrintOnlyOnFailureTestExecutionListener@395f2bb0, org.springframework.boot.test.autoconfigure.web.servlet.WebDriverTestExecutionListener@41a63453, org.springframework.boot.test.mock.mockito.ResetMocksTestExecutionListener@7b2a7b12]

  .   ____          _            __ _ _
 /\\ / ___'_ __ _ _(_)_ __  __ _ \ \ \ \
( ( )\___ | '_ | '_| | '_ \/ _` | \ \ \ \
 \\/  ___)| |_)| | | | | || (_| |  ) ) ) )
  '  |____| .__|_| |_|_| |_\__, | / / / /
 =========|_|==============|___/=/_/_/_/
 :: Spring Boot ::        (v2.2.0.RELEASE)

2023-10-21 15:50:16.154  INFO 2324 --- [    Test worker] c.m.c.s.i.CompensationServiceImplTest    : Starting CompensationServiceImplTest on DESKTOP-7GHNL1E with PID 2324 (started by jorda in C:\Users\jorda\Documents\GitHub\mindex-java-code-challenge)
2023-10-21 15:50:16.155 DEBUG 2324 --- [    Test worker] c.m.c.s.i.CompensationServiceImplTest    : Running with Spring Boot v2.2.0.RELEASE, Spring v5.2.0.RELEASE
2023-10-21 15:50:16.155  INFO 2324 --- [    Test worker] c.m.c.s.i.CompensationServiceImplTest    : No active profile set, falling back to default profiles: default
2023-10-21 15:50:16.250  INFO 2324 --- [    Test worker] .s.d.r.c.RepositoryConfigurationDelegate : Bootstrapping Spring Data repositories in DEFAULT mode.
2023-10-21 15:50:16.256  INFO 2324 --- [    Test worker] .s.d.r.c.RepositoryConfigurationDelegate : Finished Spring Data repository scanning in 5ms. Found 2 repository interfaces.
2023-10-21 15:50:16.442  INFO 2324 --- [    Test worker] o.s.b.w.embedded.tomcat.TomcatWebServer  : Tomcat initialized with port(s): 0 (http)
2023-10-21 15:50:16.450  INFO 2324 --- [    Test worker] o.apache.catalina.core.StandardService   : Starting service [Tomcat]
2023-10-21 15:50:16.450  INFO 2324 --- [    Test worker] org.apache.catalina.core.StandardEngine  : Starting Servlet engine: [Apache Tomcat/9.0.27]
2023-10-21 15:50:16.533  INFO 2324 --- [    Test worker] o.a.c.c.C.[Tomcat].[localhost].[/]       : Initializing Spring embedded WebApplicationContext
2023-10-21 15:50:16.533  INFO 2324 --- [    Test worker] o.s.web.context.ContextLoader            : Root WebApplicationContext: initialization completed in 376 ms
2023-10-21 15:50:16.637  INFO 2324 --- [    Test worker] de.bwaldvogel.mongo.MongoServer          : started MongoServer(port: 56527, ssl: false)
2023-10-21 15:50:16.639  INFO 2324 --- [    Test worker] org.mongodb.driver.cluster               : Cluster created with settings {hosts=[127.0.0.1:56527], mode=SINGLE, requiredClusterType=UNKNOWN, serverSelectionTimeout='30000 ms', maxWaitQueueSize=500}
2023-10-21 15:50:16.640  INFO 2324 --- [-server-worker1] d.b.mongo.wire.MongoWireProtocolHandler  : client [id: 0x38d1f923, L:/127.0.0.1:56527 - R:/127.0.0.1:56528] connected
2023-10-21 15:50:16.642  INFO 2324 --- [127.0.0.1:56527] org.mongodb.driver.connection            : Opened connection [connectionId{localValue:3}] to 127.0.0.1:56527
2023-10-21 15:50:16.642  INFO 2324 --- [127.0.0.1:56527] org.mongodb.driver.cluster               : Monitor thread successfully connected to server with description ServerDescription{address=127.0.0.1:56527, type=STANDALONE, state=CONNECTED, ok=true, version=ServerVersion{versionList=[3, 0, 0]}, minWireVersion=0, maxWireVersion=2, maxDocumentSize=16777216, logicalSessionTimeoutMinutes=null, roundTripTimeNanos=384700}
2023-10-21 15:50:16.644  WARN 2324 --- [    Test worker] o.s.data.convert.CustomConversions       : Registering converter from class java.time.LocalDateTime to class java.time.Instant as reading converter although it doesn't convert from a store-supported type! You might wanna check you annotation setup at the converter implementation.
2023-10-21 15:50:16.644  WARN 2324 --- [    Test worker] o.s.data.convert.CustomConversions       : Registering converter from class java.time.Instant to class java.time.LocalDateTime as reading converter although it doesn't convert from a store-supported type! You might wanna check you annotation setup at the converter implementation.
2023-10-21 15:50:16.645  WARN 2324 --- [    Test worker] o.s.data.convert.CustomConversions       : Registering converter from class java.time.LocalDateTime to class java.time.Instant as reading converter although it doesn't convert from a store-supported type! You might wanna check you annotation setup at the converter implementation.
2023-10-21 15:50:16.645  WARN 2324 --- [    Test worker] o.s.data.convert.CustomConversions       : Registering converter from class java.time.Instant to class java.time.LocalDateTime as reading converter although it doesn't convert from a store-supported type! You might wanna check you annotation setup at the converter implementation.
2023-10-21 15:50:16.678  INFO 2324 --- [-server-worker2] d.b.mongo.wire.MongoWireProtocolHandler  : client [id: 0x9b2169e4, L:/127.0.0.1:56527 - R:/127.0.0.1:56529] connected
2023-10-21 15:50:16.680  INFO 2324 --- [    Test worker] org.mongodb.driver.connection            : Opened connection [connectionId{localValue:4}] to 127.0.0.1:56527
2023-10-21 15:50:16.681  INFO 2324 --- [-server-worker2] d.b.mongo.backend.AbstractMongoBackend   : created database test
2023-10-21 15:50:16.681  INFO 2324 --- [-server-worker2] d.b.mongo.backend.AbstractMongoDatabase  : adding unique _id index for collection employee
2023-10-21 15:50:16.681  INFO 2324 --- [-server-worker2] d.b.mongo.backend.AbstractMongoDatabase  : created collection test.employee
2023-10-21 15:50:16.785  INFO 2324 --- [    Test worker] o.s.s.concurrent.ThreadPoolTaskExecutor  : Initializing ExecutorService 'applicationTaskExecutor'
2023-10-21 15:50:16.882  WARN 2324 --- [    Test worker] o.s.data.convert.CustomConversions       : Registering converter from class java.time.LocalDateTime to class java.time.Instant as reading converter although it doesn't convert from a store-supported type! You might wanna check you annotation setup at the converter implementation.
2023-10-21 15:50:16.882  WARN 2324 --- [    Test worker] o.s.data.convert.CustomConversions       : Registering converter from class java.time.Instant to class java.time.LocalDateTime as reading converter although it doesn't convert from a store-supported type! You might wanna check you annotation setup at the converter implementation.
2023-10-21 15:50:16.899  WARN 2324 --- [    Test worker] o.s.data.convert.CustomConversions       : Registering converter from class java.time.LocalDateTime to class java.time.Instant as reading converter although it doesn't convert from a store-supported type! You might wanna check you annotation setup at the converter implementation.
2023-10-21 15:50:16.899  WARN 2324 --- [    Test worker] o.s.data.convert.CustomConversions       : Registering converter from class java.time.Instant to class java.time.LocalDateTime as reading converter although it doesn't convert from a store-supported type! You might wanna check you annotation setup at the converter implementation.
2023-10-21 15:50:16.959  INFO 2324 --- [    Test worker] o.s.b.w.embedded.tomcat.TomcatWebServer  : Tomcat started on port(s): 56530 (http) with context path ''
2023-10-21 15:50:16.959  INFO 2324 --- [    Test worker] c.m.c.s.i.CompensationServiceImplTest    : Started CompensationServiceImplTest in 0.83 seconds (JVM running for 4.304)
2023-10-21 15:50:17.065  INFO 2324 --- [o-auto-1-exec-1] o.a.c.c.C.[Tomcat].[localhost].[/]       : Initializing Spring DispatcherServlet 'dispatcherServlet'
2023-10-21 15:50:17.066  INFO 2324 --- [o-auto-1-exec-1] o.s.web.servlet.DispatcherServlet        : Initializing Servlet 'dispatcherServlet'
2023-10-21 15:50:17.086  INFO 2324 --- [o-auto-1-exec-1] o.s.web.servlet.DispatcherServlet        : Completed initialization in 20 ms
2023-10-21 15:50:17.113 DEBUG 2324 --- [o-auto-1-exec-1] c.m.c.controller.EmployeeController      : Received employee create request for [employeeId: 
First Name: onvfzhmczfr
Last Name: psojnpnjew
Position: hgzpbdqx
Department: jxwsfeoe
DirectReports
]
2023-10-21 15:50:17.113 DEBUG 2324 --- [o-auto-1-exec-1] c.m.c.service.impl.EmployeeServiceImpl   : Creating employee [employeeId: 
First Name: onvfzhmczfr
Last Name: psojnpnjew
Position: hgzpbdqx
Department: jxwsfeoe
DirectReports
]
2023-10-21 15:50:17.186 DEBUG 2324 --- [o-auto-1-exec-2] c.m.c.controller.CompensationController  : Received Compensation create request for [com.mindex.challenge.data.Compensation@103e36]
2023-10-21 15:50:17.186 DEBUG 2324 --- [o-auto-1-exec-2] c.m.c.s.impl.CompensationServiceImpl     : Inserting Compensation: [com.mindex.challenge.data.Compensation@103e36]
2023-10-21 15:50:17.199  INFO 2324 --- [-server-worker2] d.b.mongo.backend.AbstractMongoDatabase  : adding unique _id index for collection compensation
2023-10-21 15:50:17.199  INFO 2324 --- [-server-worker2] d.b.mongo.backend.AbstractMongoDatabase  : created collection test.compensation
2023-10-21 15:50:17.207 DEBUG 2324 --- [o-auto-1-exec-3] c.m.c.controller.CompensationController  : Received Compensation read request for employeeId [ff667a1a-935e-4d5e-a551-6ef554cdfdb3]
2023-10-21 15:50:17.207 DEBUG 2324 --- [o-auto-1-exec-3] c.m.c.s.impl.CompensationServiceImpl     : Finding Compensation for employee with id [ff667a1a-935e-4d5e-a551-6ef554cdfdb3]
2023-10-21 15:50:17.214 DEBUG 2324 --- [o-auto-1-exec-4] c.m.c.controller.CompensationController  : Received Compensation read request for employeeId [67890]
2023-10-21 15:50:17.215 DEBUG 2324 --- [o-auto-1-exec-4] c.m.c.s.impl.CompensationServiceImpl     : Finding Compensation for employee with id [67890]
2023-10-21 15:50:17.231 DEBUG 2324 --- [o-auto-1-exec-5] c.m.c.controller.EmployeeController      : Received employee create request for [employeeId: 
First Name: hppcijeviu
Last Name: qvfstqihted
Position: qrqspczizj
Department: hyvslsrmcf
DirectReports
]
2023-10-21 15:50:17.231 DEBUG 2324 --- [o-auto-1-exec-5] c.m.c.service.impl.EmployeeServiceImpl   : Creating employee [employeeId: 
First Name: hppcijeviu
Last Name: qvfstqihted
Position: qrqspczizj
Department: hyvslsrmcf
DirectReports
]
2023-10-21 15:50:17.247 DEBUG 2324 --- [o-auto-1-exec-6] c.m.c.controller.CompensationController  : Received Compensation create request for [com.mindex.challenge.data.Compensation@8a09e9]
2023-10-21 15:50:17.247 DEBUG 2324 --- [o-auto-1-exec-6] c.m.c.s.impl.CompensationServiceImpl     : Inserting Compensation: [com.mindex.challenge.data.Compensation@8a09e9]
2023-10-21 15:50:17.263 DEBUG 2324 --- [o-auto-1-exec-7] c.m.c.controller.CompensationController  : Received Compensation create request for [com.mindex.challenge.data.Compensation@7fd55383]
2023-10-21 15:50:17.263 DEBUG 2324 --- [o-auto-1-exec-7] c.m.c.s.impl.CompensationServiceImpl     : Inserting Compensation: [com.mindex.challenge.data.Compensation@7fd55383]
2023-10-21 15:50:17.279 DEBUG 2324 --- [o-auto-1-exec-8] c.m.c.controller.CompensationController  : Received Compensation create request for [com.mindex.challenge.data.Compensation@57918132]
2023-10-21 15:50:17.279 DEBUG 2324 --- [o-auto-1-exec-8] c.m.c.s.impl.CompensationServiceImpl     : Inserting Compensation: [com.mindex.challenge.data.Compensation@57918132]
2023-10-21 15:50:17.295 DEBUG 2324 --- [o-auto-1-exec-9] c.m.c.controller.EmployeeController      : Received employee create request for [employeeId: 
First Name: srxppfkpu
Last Name: owodwtfnvr
Position: rlcmkry
Department: oowhflypd
DirectReports
]
2023-10-21 15:50:17.295 DEBUG 2324 --- [o-auto-1-exec-9] c.m.c.service.impl.EmployeeServiceImpl   : Creating employee [employeeId: 
First Name: srxppfkpu
Last Name: owodwtfnvr
Position: rlcmkry
Department: oowhflypd
DirectReports
]
2023-10-21 15:50:17.348  WARN 2324 --- [-auto-1-exec-10] .w.s.m.s.DefaultHandlerExceptionResolver : Resolved [org.springframework.web.bind.MethodArgumentNotValidException: Validation failed for argument [0] in public org.springframework.http.ResponseEntity<?> com.mindex.challenge.controller.CompensationController.create(com.mindex.challenge.data.Compensation): [Field error in object 'compensation' on field 'salary': rejected value [-12345]; codes [Min.compensation.salary,Min.salary,Min.java.lang.Long,Min]; arguments [org.springframework.context.support.DefaultMessageSourceResolvable: codes [compensation.salary,salary]; arguments []; default message [salary],0]; default message [must be greater than or equal to 0]] ]
]]></system-out>
  <system-err><![CDATA[]]></system-err>
</testsuite>
