<?xml version="1.0" encoding="UTF-8"?>
<testsuite name="com.mindex.challenge.DataBootstrapTest" tests="1" skipped="0" failures="0" errors="0" timestamp="2023-10-21T19:50:16" hostname="DESKTOP-7GHNL1E" time="0.032">
  <properties/>
  <testcase name="test" classname="com.mindex.challenge.DataBootstrapTest" time="0.032"/>
  <system-out><![CDATA[2023-10-21 15:50:16.073  INFO 2324 --- [    Test worker] .b.t.c.SpringBootTestContextBootstrapper : Neither @ContextConfiguration nor @ContextHierarchy found for test class [com.mindex.challenge.DataBootstrapTest], using SpringBootContextLoader
2023-10-21 15:50:16.074  INFO 2324 --- [    Test worker] o.s.t.c.support.AbstractContextLoader    : Could not detect default resource locations for test class [com.mindex.challenge.DataBootstrapTest]: no resource found for suffixes {-context.xml, Context.groovy}.
2023-10-21 15:50:16.074  INFO 2324 --- [    Test worker] t.c.s.AnnotationConfigContextLoaderUtils : Could not detect default configuration classes for test class [com.mindex.challenge.DataBootstrapTest]: DataBootstrapTest does not declare any static, non-private, non-final, nested classes annotated with @Configuration.
2023-10-21 15:50:16.075  INFO 2324 --- [    Test worker] .b.t.c.SpringBootTestContextBootstrapper : Found @SpringBootConfiguration com.mindex.challenge.ChallengeApplication for test class com.mindex.challenge.DataBootstrapTest
2023-10-21 15:50:16.076  INFO 2324 --- [    Test worker] .b.t.c.SpringBootTestContextBootstrapper : Loaded default TestExecutionListener class names from location [META-INF/spring.factories]: [org.springframework.boot.test.autoconfigure.restdocs.RestDocsTestExecutionListener, org.springframework.boot.test.autoconfigure.web.client.MockRestServiceServerResetTestExecutionListener, org.springframework.boot.test.autoconfigure.web.servlet.MockMvcPrintOnlyOnFailureTestExecutionListener, org.springframework.boot.test.autoconfigure.web.servlet.WebDriverTestExecutionListener, org.springframework.boot.test.mock.mockito.MockitoTestExecutionListener, org.springframework.boot.test.mock.mockito.ResetMocksTestExecutionListener, org.springframework.test.context.web.ServletTestExecutionListener, org.springframework.test.context.support.DirtiesContextBeforeModesTestExecutionListener, org.springframework.test.context.support.DependencyInjectionTestExecutionListener, org.springframework.test.context.support.DirtiesContextTestExecutionListener, org.springframework.test.context.transaction.TransactionalTestExecutionListener, org.springframework.test.context.jdbc.SqlScriptsTestExecutionListener, org.springframework.test.context.event.EventPublishingTestExecutionListener]
2023-10-21 15:50:16.076  INFO 2324 --- [    Test worker] .b.t.c.SpringBootTestContextBootstrapper : Using TestExecutionListeners: [org.springframework.test.context.web.ServletTestExecutionListener@43202ff9, org.springframework.test.context.support.DirtiesContextBeforeModesTestExecutionListener@b7f59a2, org.springframework.boot.test.mock.mockito.MockitoTestExecutionListener@7c89cce6, org.springframework.boot.test.autoconfigure.SpringBootDependencyInjectionTestExecutionListener@475f21d9, org.springframework.test.context.support.DirtiesContextTestExecutionListener@542912c, org.springframework.test.context.transaction.TransactionalTestExecutionListener@74016a6f, org.springframework.test.context.jdbc.SqlScriptsTestExecutionListener@46dd66f5, org.springframework.test.context.event.EventPublishingTestExecutionListener@7832c61e, org.springframework.boot.test.autoconfigure.restdocs.RestDocsTestExecutionListener@69e8f3c5, org.springframework.boot.test.autoconfigure.web.client.MockRestServiceServerResetTestExecutionListener@1645be85, org.springframework.boot.test.autoconfigure.web.servlet.MockMvcPrintOnlyOnFailureTestExecutionListener@3b828876, org.springframework.boot.test.autoconfigure.web.servlet.WebDriverTestExecutionListener@556eab2e, org.springframework.boot.test.mock.mockito.ResetMocksTestExecutionListener@7b360c9d]
]]></system-out>
  <system-err><![CDATA[]]></system-err>
</testsuite>
