<?xml version="1.0" encoding="UTF-8"?>
<testsuite name="com.mindex.challenge.ChallengeApplicationTests" tests="1" skipped="0" failures="0" errors="0" timestamp="2023-10-21T19:50:15" hostname="DESKTOP-7GHNL1E" time="0.136">
  <properties/>
  <testcase name="contextLoads" classname="com.mindex.challenge.ChallengeApplicationTests" time="0.136"/>
  <system-out><![CDATA[15:50:13.206 [Test worker] DEBUG org.springframework.test.context.junit4.SpringJUnit4ClassRunner - SpringJUnit4ClassRunner constructor called with [class com.mindex.challenge.ChallengeApplicationTests]
15:50:13.211 [Test worker] DEBUG org.springframework.test.context.BootstrapUtils - Instantiating CacheAwareContextLoaderDelegate from class [org.springframework.test.context.cache.DefaultCacheAwareContextLoaderDelegate]
15:50:13.219 [Test worker] DEBUG org.springframework.test.context.BootstrapUtils - Instantiating BootstrapContext using constructor [public org.springframework.test.context.support.DefaultBootstrapContext(java.lang.Class,org.springframework.test.context.CacheAwareContextLoaderDelegate)]
15:50:13.246 [Test worker] DEBUG org.springframework.test.context.BootstrapUtils - Instantiating TestContextBootstrapper for test class [com.mindex.challenge.ChallengeApplicationTests] from class [org.springframework.boot.test.context.SpringBootTestContextBootstrapper]
15:50:13.261 [Test worker] INFO org.springframework.boot.test.context.SpringBootTestContextBootstrapper - Neither @ContextConfiguration nor @ContextHierarchy found for test class [com.mindex.challenge.ChallengeApplicationTests], using SpringBootContextLoader
15:50:13.265 [Test worker] DEBUG org.springframework.test.context.support.AbstractContextLoader - Did not detect default resource location for test class [com.mindex.challenge.ChallengeApplicationTests]: class path resource [com/mindex/challenge/ChallengeApplicationTests-context.xml] does not exist
15:50:13.265 [Test worker] DEBUG org.springframework.test.context.support.AbstractContextLoader - Did not detect default resource location for test class [com.mindex.challenge.ChallengeApplicationTests]: class path resource [com/mindex/challenge/ChallengeApplicationTestsContext.groovy] does not exist
15:50:13.265 [Test worker] INFO org.springframework.test.context.support.AbstractContextLoader - Could not detect default resource locations for test class [com.mindex.challenge.ChallengeApplicationTests]: no resource found for suffixes {-context.xml, Context.groovy}.
15:50:13.266 [Test worker] INFO org.springframework.test.context.support.AnnotationConfigContextLoaderUtils - Could not detect default configuration classes for test class [com.mindex.challenge.ChallengeApplicationTests]: ChallengeApplicationTests does not declare any static, non-private, non-final, nested classes annotated with @Configuration.
15:50:13.297 [Test worker] DEBUG org.springframework.test.context.support.ActiveProfilesUtils - Could not find an 'annotation declaring class' for annotation type [org.springframework.test.context.ActiveProfiles] and class [com.mindex.challenge.ChallengeApplicationTests]
15:50:13.350 [Test worker] DEBUG org.springframework.context.annotation.ClassPathScanningCandidateComponentProvider - Identified candidate component class: file [C:\Users\jorda\Documents\GitHub\mindex-java-code-challenge\build\classes\java\main\com\mindex\challenge\ChallengeApplication.class]
15:50:13.353 [Test worker] INFO org.springframework.boot.test.context.SpringBootTestContextBootstrapper - Found @SpringBootConfiguration com.mindex.challenge.ChallengeApplication for test class com.mindex.challenge.ChallengeApplicationTests
15:50:13.432 [Test worker] DEBUG org.springframework.boot.test.context.SpringBootTestContextBootstrapper - @TestExecutionListeners is not present for class [com.mindex.challenge.ChallengeApplicationTests]: using defaults.
15:50:13.432 [Test worker] INFO org.springframework.boot.test.context.SpringBootTestContextBootstrapper - Loaded default TestExecutionListener class names from location [META-INF/spring.factories]: [org.springframework.boot.test.autoconfigure.restdocs.RestDocsTestExecutionListener, org.springframework.boot.test.autoconfigure.web.client.MockRestServiceServerResetTestExecutionListener, org.springframework.boot.test.autoconfigure.web.servlet.MockMvcPrintOnlyOnFailureTestExecutionListener, org.springframework.boot.test.autoconfigure.web.servlet.WebDriverTestExecutionListener, org.springframework.boot.test.mock.mockito.MockitoTestExecutionListener, org.springframework.boot.test.mock.mockito.ResetMocksTestExecutionListener, org.springframework.test.context.web.ServletTestExecutionListener, org.springframework.test.context.support.DirtiesContextBeforeModesTestExecutionListener, org.springframework.test.context.support.DependencyInjectionTestExecutionListener, org.springframework.test.context.support.DirtiesContextTestExecutionListener, org.springframework.test.context.transaction.TransactionalTestExecutionListener, org.springframework.test.context.jdbc.SqlScriptsTestExecutionListener, org.springframework.test.context.event.EventPublishingTestExecutionListener]
15:50:13.447 [Test worker] INFO org.springframework.boot.test.context.SpringBootTestContextBootstrapper - Using TestExecutionListeners: [org.springframework.test.context.web.ServletTestExecutionListener@6bea37d0, org.springframework.test.context.support.DirtiesContextBeforeModesTestExecutionListener@640681d9, org.springframework.boot.test.mock.mockito.MockitoTestExecutionListener@5dfab625, org.springframework.boot.test.autoconfigure.SpringBootDependencyInjectionTestExecutionListener@638d03e5, org.springframework.test.context.support.DirtiesContextTestExecutionListener@59e3ecf3, org.springframework.test.context.transaction.TransactionalTestExecutionListener@9bba65f, org.springframework.test.context.jdbc.SqlScriptsTestExecutionListener@1f872d3, org.springframework.test.context.event.EventPublishingTestExecutionListener@a61cb22, org.springframework.boot.test.autoconfigure.restdocs.RestDocsTestExecutionListener@4ca33ae9, org.springframework.boot.test.autoconfigure.web.client.MockRestServiceServerResetTestExecutionListener@18fee47c, org.springframework.boot.test.autoconfigure.web.servlet.MockMvcPrintOnlyOnFailureTestExecutionListener@5a52735a, org.springframework.boot.test.autoconfigure.web.servlet.WebDriverTestExecutionListener@5e6e9be9, org.springframework.boot.test.mock.mockito.ResetMocksTestExecutionListener@b4f96bf]
15:50:13.449 [Test worker] DEBUG org.springframework.test.annotation.ProfileValueUtils - Retrieved @ProfileValueSourceConfiguration [null] for test class [com.mindex.challenge.ChallengeApplicationTests]
15:50:13.450 [Test worker] DEBUG org.springframework.test.annotation.ProfileValueUtils - Retrieved ProfileValueSource type [class org.springframework.test.annotation.SystemProfileValueSource] for class [com.mindex.challenge.ChallengeApplicationTests]
15:50:13.450 [Test worker] DEBUG org.springframework.test.annotation.ProfileValueUtils - Retrieved @ProfileValueSourceConfiguration [null] for test class [com.mindex.challenge.ChallengeApplicationTests]
15:50:13.450 [Test worker] DEBUG org.springframework.test.annotation.ProfileValueUtils - Retrieved ProfileValueSource type [class org.springframework.test.annotation.SystemProfileValueSource] for class [com.mindex.challenge.ChallengeApplicationTests]
15:50:13.454 [Test worker] DEBUG org.springframework.test.context.support.AbstractDirtiesContextTestExecutionListener - Before test class: context [DefaultTestContext@62d354a6 testClass = ChallengeApplicationTests, testInstance = [null], testMethod = [null], testException = [null], mergedContextConfiguration = [WebMergedContextConfiguration@457eb460 testClass = ChallengeApplicationTests, locations = '{}', classes = '{class com.mindex.challenge.ChallengeApplication}', contextInitializerClasses = '[]', activeProfiles = '{}', propertySourceLocations = '{}', propertySourceProperties = '{org.springframework.boot.test.context.SpringBootTestContextBootstrapper=true}', contextCustomizers = set[org.springframework.boot.test.autoconfigure.properties.PropertyMappingContextCustomizer@0, org.springframework.boot.test.autoconfigure.web.servlet.WebDriverContextCustomizerFactory$Customizer@5028f83c, org.springframework.boot.test.context.filter.ExcludeFilterContextCustomizer@37224412, org.springframework.boot.test.json.DuplicateJsonObjectContextCustomizerFactory$DuplicateJsonObjectContextCustomizer@65dd912b, org.springframework.boot.test.mock.mockito.MockitoContextCustomizer@0, org.springframework.boot.test.web.client.TestRestTemplateContextCustomizer@2e23495f], resourceBasePath = 'src/main/webapp', contextLoader = 'org.springframework.boot.test.context.SpringBootContextLoader', parent = [null]], attributes = map['org.springframework.test.context.web.ServletTestExecutionListener.activateListener' -> true]], class annotated with @DirtiesContext [false] with mode [null].
15:50:13.455 [Test worker] DEBUG org.springframework.test.annotation.ProfileValueUtils - Retrieved @ProfileValueSourceConfiguration [null] for test class [com.mindex.challenge.ChallengeApplicationTests]
15:50:13.455 [Test worker] DEBUG org.springframework.test.annotation.ProfileValueUtils - Retrieved ProfileValueSource type [class org.springframework.test.annotation.SystemProfileValueSource] for class [com.mindex.challenge.ChallengeApplicationTests]
15:50:13.472 [Test worker] DEBUG org.springframework.test.context.support.TestPropertySourceUtils - Adding inlined properties to environment: {spring.jmx.enabled=false, org.springframework.boot.test.context.SpringBootTestContextBootstrapper=true, server.port=-1}

  .   ____          _            __ _ _
 /\\ / ___'_ __ _ _(_)_ __  __ _ \ \ \ \
( ( )\___ | '_ | '_| | '_ \/ _` | \ \ \ \
 \\/  ___)| |_)| | | | | || (_| |  ) ) ) )
  '  |____| .__|_| |_|_| |_\__, | / / / /
 =========|_|==============|___/=/_/_/_/
 :: Spring Boot ::        (v2.2.0.RELEASE)

2023-10-21 15:50:13.680  INFO 2324 --- [    Test worker] c.m.challenge.ChallengeApplicationTests  : Starting ChallengeApplicationTests on DESKTOP-7GHNL1E with PID 2324 (started by jorda in C:\Users\jorda\Documents\GitHub\mindex-java-code-challenge)
2023-10-21 15:50:13.681 DEBUG 2324 --- [    Test worker] c.m.challenge.ChallengeApplicationTests  : Running with Spring Boot v2.2.0.RELEASE, Spring v5.2.0.RELEASE
2023-10-21 15:50:13.681  INFO 2324 --- [    Test worker] c.m.challenge.ChallengeApplicationTests  : No active profile set, falling back to default profiles: default
2023-10-21 15:50:14.000  INFO 2324 --- [    Test worker] .s.d.r.c.RepositoryConfigurationDelegate : Bootstrapping Spring Data repositories in DEFAULT mode.
2023-10-21 15:50:14.040  INFO 2324 --- [    Test worker] .s.d.r.c.RepositoryConfigurationDelegate : Finished Spring Data repository scanning in 36ms. Found 2 repository interfaces.
2023-10-21 15:50:14.843  INFO 2324 --- [    Test worker] de.bwaldvogel.mongo.MongoServer          : started MongoServer(port: 56361, ssl: false)
2023-10-21 15:50:14.909  INFO 2324 --- [    Test worker] org.mongodb.driver.cluster               : Cluster created with settings {hosts=[127.0.0.1:56361], mode=SINGLE, requiredClusterType=UNKNOWN, serverSelectionTimeout='30000 ms', maxWaitQueueSize=500}
2023-10-21 15:50:14.980  INFO 2324 --- [-server-worker1] d.b.mongo.wire.MongoWireProtocolHandler  : client [id: 0x9cbc329a, L:/127.0.0.1:56361 - R:/127.0.0.1:56362] connected
2023-10-21 15:50:15.021  INFO 2324 --- [127.0.0.1:56361] org.mongodb.driver.connection            : Opened connection [connectionId{localValue:1}] to 127.0.0.1:56361
2023-10-21 15:50:15.023  INFO 2324 --- [127.0.0.1:56361] org.mongodb.driver.cluster               : Monitor thread successfully connected to server with description ServerDescription{address=127.0.0.1:56361, type=STANDALONE, state=CONNECTED, ok=true, version=ServerVersion{versionList=[3, 0, 0]}, minWireVersion=0, maxWireVersion=2, maxDocumentSize=16777216, logicalSessionTimeoutMinutes=null, roundTripTimeNanos=1010800}
2023-10-21 15:50:15.024  WARN 2324 --- [    Test worker] o.s.data.convert.CustomConversions       : Registering converter from class java.time.LocalDateTime to class java.time.Instant as reading converter although it doesn't convert from a store-supported type! You might wanna check you annotation setup at the converter implementation.
2023-10-21 15:50:15.024  WARN 2324 --- [    Test worker] o.s.data.convert.CustomConversions       : Registering converter from class java.time.Instant to class java.time.LocalDateTime as reading converter although it doesn't convert from a store-supported type! You might wanna check you annotation setup at the converter implementation.
2023-10-21 15:50:15.028  WARN 2324 --- [    Test worker] o.s.data.convert.CustomConversions       : Registering converter from class java.time.LocalDateTime to class java.time.Instant as reading converter although it doesn't convert from a store-supported type! You might wanna check you annotation setup at the converter implementation.
2023-10-21 15:50:15.028  WARN 2324 --- [    Test worker] o.s.data.convert.CustomConversions       : Registering converter from class java.time.Instant to class java.time.LocalDateTime as reading converter although it doesn't convert from a store-supported type! You might wanna check you annotation setup at the converter implementation.
2023-10-21 15:50:15.299  INFO 2324 --- [-server-worker2] d.b.mongo.wire.MongoWireProtocolHandler  : client [id: 0x2dc3691c, L:/127.0.0.1:56361 - R:/127.0.0.1:56363] connected
2023-10-21 15:50:15.301  INFO 2324 --- [    Test worker] org.mongodb.driver.connection            : Opened connection [connectionId{localValue:2}] to 127.0.0.1:56361
2023-10-21 15:50:15.316  INFO 2324 --- [-server-worker2] d.b.mongo.backend.AbstractMongoBackend   : created database test
2023-10-21 15:50:15.325  INFO 2324 --- [-server-worker2] d.b.mongo.backend.AbstractMongoDatabase  : adding unique _id index for collection employee
2023-10-21 15:50:15.326  INFO 2324 --- [-server-worker2] d.b.mongo.backend.AbstractMongoDatabase  : created collection test.employee
2023-10-21 15:50:15.637  INFO 2324 --- [    Test worker] o.s.s.concurrent.ThreadPoolTaskExecutor  : Initializing ExecutorService 'applicationTaskExecutor'
2023-10-21 15:50:15.825  WARN 2324 --- [    Test worker] o.s.data.convert.CustomConversions       : Registering converter from class java.time.LocalDateTime to class java.time.Instant as reading converter although it doesn't convert from a store-supported type! You might wanna check you annotation setup at the converter implementation.
2023-10-21 15:50:15.825  WARN 2324 --- [    Test worker] o.s.data.convert.CustomConversions       : Registering converter from class java.time.Instant to class java.time.LocalDateTime as reading converter although it doesn't convert from a store-supported type! You might wanna check you annotation setup at the converter implementation.
2023-10-21 15:50:15.848  WARN 2324 --- [    Test worker] o.s.data.convert.CustomConversions       : Registering converter from class java.time.LocalDateTime to class java.time.Instant as reading converter although it doesn't convert from a store-supported type! You might wanna check you annotation setup at the converter implementation.
2023-10-21 15:50:15.848  WARN 2324 --- [    Test worker] o.s.data.convert.CustomConversions       : Registering converter from class java.time.Instant to class java.time.LocalDateTime as reading converter although it doesn't convert from a store-supported type! You might wanna check you annotation setup at the converter implementation.
2023-10-21 15:50:15.921  INFO 2324 --- [    Test worker] c.m.challenge.ChallengeApplicationTests  : Started ChallengeApplicationTests in 2.443 seconds (JVM running for 3.266)
]]></system-out>
  <system-err><![CDATA[]]></system-err>
</testsuite>
